{
	"start":	{
		"connected":	[{
				"socket":	5,
				"local_host":	"192.168.100.1",
				"local_port":	55414,
				"remote_host":	"192.168.100.2",
				"remote_port":	5201
			}],
		"version":	"iperf 3.1.4",
		"system_info":	"Linux TALON-CLIENT 4.4.71 #0 SMP Thu Jun 8 21:02:37 2017 armv7l",
		"timestamp":	{
			"time":	"Fri, 24 Nov 2017 13:55:55 GMT",
			"timesecs":	1511531755
		},
		"connecting_to":	{
			"host":	"192.168.100.2",
			"port":	5201
		},
		"cookie":	"TALON-CLIENT.1511531755.197704.3c8b7",
		"tcp_mss_default":	1448,
		"test_start":	{
			"protocol":	"TCP",
			"num_streams":	1,
			"blksize":	131072,
			"omit":	0,
			"duration":	240,
			"bytes":	0,
			"blocks":	0,
			"reverse":	0
		}
	},
	"intervals":	[{
			"streams":	[{
					"socket":	5,
					"start":	0,
					"end":	10.001098,
					"seconds":	10.001099,
					"bytes":	585591744,
					"bits_per_second":	468421932.829450,
					"retransmits":	0,
					"snd_cwnd":	1999688,
					"rtt":	33378,
					"omitted":	false
				}],
			"sum":	{
				"start":	0,
				"end":	10.001098,
				"seconds":	10.001099,
				"bytes":	585591744,
				"bits_per_second":	468421932.829450,
				"retransmits":	0,
				"omitted":	false
			}
		}, {
			"streams":	[{
					"socket":	5,
					"start":	10.001098,
					"end":	20.001644,
					"seconds":	10.000546,
					"bytes":	562177216,
					"bits_per_second":	449717240.647667,
					"retransmits":	0,
					"snd_cwnd":	1999688,
					"rtt":	6158,
					"omitted":	false
				}],
			"sum":	{
				"start":	10.001098,
				"end":	20.001644,
				"seconds":	10.000546,
				"bytes":	562177216,
				"bits_per_second":	449717240.647667,
				"retransmits":	0,
				"omitted":	false
			}
		}, {
			"streams":	[{
					"socket":	5,
					"start":	20.001644,
					"end":	30.001810,
					"seconds":	10.000166,
					"bytes":	622011992,
					"bits_per_second":	497601336.436710,
					"retransmits":	0,
					"snd_cwnd":	1999688,
					"rtt":	11150,
					"omitted":	false
				}],
			"sum":	{
				"start":	20.001644,
				"end":	30.001810,
				"seconds":	10.000166,
				"bytes":	622011992,
				"bits_per_second":	497601336.436710,
				"retransmits":	0,
				"omitted":	false
			}
		}, {
			"streams":	[{
					"socket":	5,
					"start":	30.001810,
					"end":	40.002185,
					"seconds":	10.000375,
					"bytes":	455378896,
					"bits_per_second":	364289463.449252,
					"retransmits":	0,
					"snd_cwnd":	1999688,
					"rtt":	57565,
					"omitted":	false
				}],
			"sum":	{
				"start":	30.001810,
				"end":	40.002185,
				"seconds":	10.000375,
				"bytes":	455378896,
				"bits_per_second":	364289463.449252,
				"retransmits":	0,
				"omitted":	false
			}
		}, {
			"streams":	[{
					"socket":	5,
					"start":	40.002185,
					"end":	50.001680,
					"seconds":	9.999495,
					"bytes":	241383248,
					"bits_per_second":	193116359.415939,
					"retransmits":	0,
					"snd_cwnd":	1999688,
					"rtt":	94499,
					"omitted":	false
				}],
			"sum":	{
				"start":	40.002185,
				"end":	50.001680,
				"seconds":	9.999495,
				"bytes":	241383248,
				"bits_per_second":	193116359.415939,
				"retransmits":	0,
				"omitted":	false
			}
		}, {
			"streams":	[{
					"socket":	5,
					"start":	50.001680,
					"end":	60.001190,
					"seconds":	9.999510,
					"bytes":	1045905920,
					"bits_per_second":	836765753.303200,
					"retransmits":	0,
					"snd_cwnd":	1999688,
					"rtt":	4663,
					"omitted":	false
				}],
			"sum":	{
				"start":	50.001680,
				"end":	60.001190,
				"seconds":	9.999510,
				"bytes":	1045905920,
				"bits_per_second":	836765753.303200,
				"retransmits":	0,
				"omitted":	false
			}
		}, {
			"streams":	[{
					"socket":	5,
					"start":	60.001190,
					"end":	70.004530,
					"seconds":	10.003340,
					"bytes":	321005192,
					"bits_per_second":	256718415.619015,
					"retransmits":	0,
					"snd_cwnd":	1999688,
					"rtt":	11292,
					"omitted":	false
				}],
			"sum":	{
				"start":	60.001190,
				"end":	70.004530,
				"seconds":	10.003340,
				"bytes":	321005192,
				"bits_per_second":	256718415.619015,
				"retransmits":	0,
				"omitted":	false
			}
		}, {
			"streams":	[{
					"socket":	5,
					"start":	70.004530,
					"end":	80.001076,
					"seconds":	9.996546,
					"bytes":	982299416,
					"bits_per_second":	786111071.944762,
					"retransmits":	0,
					"snd_cwnd":	1999688,
					"rtt":	2583,
					"omitted":	false
				}],
			"sum":	{
				"start":	70.004530,
				"end":	80.001076,
				"seconds":	9.996546,
				"bytes":	982299416,
				"bits_per_second":	786111071.944762,
				"retransmits":	0,
				"omitted":	false
			}
		}, {
			"streams":	[{
					"socket":	5,
					"start":	80.001076,
					"end":	90.002589,
					"seconds":	10.001513,
					"bytes":	1061094712,
					"bits_per_second":	848747394.225469,
					"retransmits":	8,
					"snd_cwnd":	1876608,
					"rtt":	17668,
					"omitted":	false
				}],
			"sum":	{
				"start":	80.001076,
				"end":	90.002589,
				"seconds":	10.001513,
				"bytes":	1061094712,
				"bits_per_second":	848747394.225469,
				"retransmits":	8,
				"omitted":	false
			}
		}, {
			"streams":	[{
					"socket":	5,
					"start":	90.002589,
					"end":	100.003414,
					"seconds":	10.000825,
					"bytes":	1130922008,
					"bits_per_second":	904662978.192208,
					"retransmits":	1,
					"snd_cwnd":	1908464,
					"rtt":	55159,
					"omitted":	false
				}],
			"sum":	{
				"start":	90.002589,
				"end":	100.003414,
				"seconds":	10.000825,
				"bytes":	1130922008,
				"bits_per_second":	904662978.192208,
				"retransmits":	1,
				"omitted":	false
			}
		}, {
			"streams":	[{
					"socket":	5,
					"start":	100.003414,
					"end":	110.001959,
					"seconds":	9.998545,
					"bytes":	1133991960,
					"bits_per_second":	907325611.732023,
					"retransmits":	0,
					"snd_cwnd":	1908464,
					"rtt":	24572,
					"omitted":	false
				}],
			"sum":	{
				"start":	100.003414,
				"end":	110.001959,
				"seconds":	9.998545,
				"bytes":	1133991960,
				"bits_per_second":	907325611.732023,
				"retransmits":	0,
				"omitted":	false
			}
		}, {
			"streams":	[{
					"socket":	5,
					"start":	110.001959,
					"end":	120.002307,
					"seconds":	10.000348,
					"bytes":	1012130280,
					"bits_per_second":	809676039.895599,
					"retransmits":	0,
					"snd_cwnd":	1908464,
					"rtt":	40080,
					"omitted":	false
				}],
			"sum":	{
				"start":	110.001959,
				"end":	120.002307,
				"seconds":	10.000348,
				"bytes":	1012130280,
				"bits_per_second":	809676039.895599,
				"retransmits":	0,
				"omitted":	false
			}
		}, {
			"streams":	[{
					"socket":	5,
					"start":	120.002307,
					"end":	130.001150,
					"seconds":	9.998843,
					"bytes":	1364357776,
					"bits_per_second":	1.091612e+09,
					"retransmits":	0,
					"snd_cwnd":	1908464,
					"rtt":	3704,
					"omitted":	false
				}],
			"sum":	{
				"start":	120.002307,
				"end":	130.001150,
				"seconds":	9.998843,
				"bytes":	1364357776,
				"bits_per_second":	1.091612e+09,
				"retransmits":	0,
				"omitted":	false
			}
		}, {
			"streams":	[{
					"socket":	5,
					"start":	130.001150,
					"end":	140.001747,
					"seconds":	10.000597,
					"bytes":	1724664600,
					"bits_per_second":	1.379649e+09,
					"retransmits":	0,
					"snd_cwnd":	1908464,
					"rtt":	1465,
					"omitted":	false
				}],
			"sum":	{
				"start":	130.001150,
				"end":	140.001747,
				"seconds":	10.000597,
				"bytes":	1724664600,
				"bits_per_second":	1.379649e+09,
				"retransmits":	0,
				"omitted":	false
			}
		}, {
			"streams":	[{
					"socket":	5,
					"start":	140.001747,
					"end":	150.001866,
					"seconds":	10.000119,
					"bytes":	1588464376,
					"bits_per_second":	1.270756e+09,
					"retransmits":	0,
					"snd_cwnd":	1908464,
					"rtt":	3861,
					"omitted":	false
				}],
			"sum":	{
				"start":	140.001747,
				"end":	150.001866,
				"seconds":	10.000119,
				"bytes":	1588464376,
				"bits_per_second":	1.270756e+09,
				"retransmits":	0,
				"omitted":	false
			}
		}, {
			"streams":	[{
					"socket":	5,
					"start":	150.001866,
					"end":	160.003140,
					"seconds":	10.001274,
					"bytes":	1530705992,
					"bits_per_second":	1.224409e+09,
					"retransmits":	0,
					"snd_cwnd":	1908464,
					"rtt":	1465,
					"omitted":	false
				}],
			"sum":	{
				"start":	150.001866,
				"end":	160.003140,
				"seconds":	10.001274,
				"bytes":	1530705992,
				"bits_per_second":	1.224409e+09,
				"retransmits":	0,
				"omitted":	false
			}
		}, {
			"streams":	[{
					"socket":	5,
					"start":	160.003140,
					"end":	170.001818,
					"seconds":	9.998678,
					"bytes":	904678624,
					"bits_per_second":	723838575.647472,
					"retransmits":	16,
					"snd_cwnd":	1417592,
					"rtt":	40310,
					"omitted":	false
				}],
			"sum":	{
				"start":	160.003140,
				"end":	170.001818,
				"seconds":	9.998678,
				"bytes":	904678624,
				"bits_per_second":	723838575.647472,
				"retransmits":	16,
				"omitted":	false
			}
		}, {
			"streams":	[{
					"socket":	5,
					"start":	170.001818,
					"end":	180.004316,
					"seconds":	10.002498,
					"bytes":	171563256,
					"bits_per_second":	137216332.646603,
					"retransmits":	0,
					"snd_cwnd":	1898328,
					"rtt":	76699,
					"omitted":	false
				}],
			"sum":	{
				"start":	170.001818,
				"end":	180.004316,
				"seconds":	10.002498,
				"bytes":	171563256,
				"bits_per_second":	137216332.646603,
				"retransmits":	0,
				"omitted":	false
			}
		}, {
			"streams":	[{
					"socket":	5,
					"start":	180.004316,
					"end":	190.001119,
					"seconds":	9.996803,
					"bytes":	332922880,
					"bits_per_second":	266423472.025802,
					"retransmits":	0,
					"snd_cwnd":	1905568,
					"rtt":	1522,
					"omitted":	false
				}],
			"sum":	{
				"start":	180.004316,
				"end":	190.001119,
				"seconds":	9.996803,
				"bytes":	332922880,
				"bits_per_second":	266423472.025802,
				"retransmits":	0,
				"omitted":	false
			}
		}, {
			"streams":	[{
					"socket":	5,
					"start":	190.001119,
					"end":	200.003061,
					"seconds":	10.001942,
					"bytes":	421531880,
					"bits_per_second":	337160038.279066,
					"retransmits":	37,
					"snd_cwnd":	1159848,
					"rtt":	56157,
					"omitted":	false
				}],
			"sum":	{
				"start":	190.001119,
				"end":	200.003061,
				"seconds":	10.001942,
				"bytes":	421531880,
				"bits_per_second":	337160038.279066,
				"retransmits":	37,
				"omitted":	false
			}
		}, {
			"streams":	[{
					"socket":	5,
					"start":	200.003061,
					"end":	210.002744,
					"seconds":	9.999683,
					"bytes":	441263232,
					"bits_per_second":	353021762.970577,
					"retransmits":	0,
					"snd_cwnd":	1957696,
					"rtt":	97696,
					"omitted":	false
				}],
			"sum":	{
				"start":	200.003061,
				"end":	210.002744,
				"seconds":	9.999683,
				"bytes":	441263232,
				"bits_per_second":	353021762.970577,
				"retransmits":	0,
				"omitted":	false
			}
		}, {
			"streams":	[{
					"socket":	5,
					"start":	210.002744,
					"end":	220.003136,
					"seconds":	10.000392,
					"bytes":	237052080,
					"bits_per_second":	189634231.093946,
					"retransmits":	0,
					"snd_cwnd":	1957696,
					"rtt":	52341,
					"omitted":	false
				}],
			"sum":	{
				"start":	210.002744,
				"end":	220.003136,
				"seconds":	10.000392,
				"bytes":	237052080,
				"bits_per_second":	189634231.093946,
				"retransmits":	0,
				"omitted":	false
			}
		}, {
			"streams":	[{
					"socket":	5,
					"start":	220.003136,
					"end":	230.002074,
					"seconds":	9.998938,
					"bytes":	604176776,
					"bits_per_second":	483392776.119271,
					"retransmits":	32,
					"snd_cwnd":	1487096,
					"rtt":	3078,
					"omitted":	false
				}],
			"sum":	{
				"start":	220.003136,
				"end":	230.002074,
				"seconds":	9.998938,
				"bytes":	604176776,
				"bits_per_second":	483392776.119271,
				"retransmits":	32,
				"omitted":	false
			}
		}, {
			"streams":	[{
					"socket":	5,
					"start":	230.002074,
					"end":	240.002220,
					"seconds":	10.000146,
					"bytes":	471638568,
					"bits_per_second":	377305349.055761,
					"retransmits":	0,
					"snd_cwnd":	1623208,
					"rtt":	6423,
					"omitted":	false
				}],
			"sum":	{
				"start":	230.002074,
				"end":	240.002220,
				"seconds":	10.000146,
				"bytes":	471638568,
				"bits_per_second":	377305349.055761,
				"retransmits":	0,
				"omitted":	false
			}
		}],
	"end":	{
		"streams":	[{
				"sender":	{
					"socket":	5,
					"start":	0,
					"end":	240.002220,
					"seconds":	240.002220,
					"bytes":	18946912624,
					"bits_per_second":	631557911.817903,
					"retransmits":	94,
					"max_snd_cwnd":	1999688,
					"max_rtt":	97696,
					"min_rtt":	1465,
					"mean_rtt":	29312
				},
				"receiver":	{
					"socket":	5,
					"start":	0,
					"end":	240.002220,
					"seconds":	240.002220,
					"bytes":	18944593376,
					"bits_per_second":	631480604.266381
				}
			}],
		"sum_sent":	{
			"start":	0,
			"end":	240.002220,
			"seconds":	240.002220,
			"bytes":	18946912624,
			"bits_per_second":	631557911.817903,
			"retransmits":	94
		},
		"sum_received":	{
			"start":	0,
			"end":	240.002220,
			"seconds":	240.002220,
			"bytes":	18944593376,
			"bits_per_second":	631480604.266381
		},
		"cpu_utilization_percent":	{
			"host_total":	15.871163,
			"host_user":	0.237350,
			"host_system":	15.635970,
			"remote_total":	23.178360,
			"remote_user":	0.718946,
			"remote_system":	22.458767
		},
		"sender_tcp_congestion":	"cubic",
		"receiver_tcp_congestion":	"cubic"
	}
}
